Using pre-set license
Built from '2020.3/staging' branch; Version is '2020.3.11f1 (99c7afb366b3) revision 10078127'; Using compiler version '192528614'; Build Type 'Release'
OS: 'Windows 10 Pro; OS build 19042.985; Version 2009; 64bit' Language: 'en' Physical Memory: 16334 MB
BatchMode: 1, IsHumanControllingUs: 0, StartBugReporterOnCrash: 0, Is64bit: 1, IsPro: 0

 COMMAND LINE ARGUMENTS:
C:\Program Files\Unity\Hub\Editor\2020.3.11f1\Editor\Unity.exe
-adb2
-batchMode
-noUpm
-name
AssetImportWorker0
-projectPath
E:/unity/hkwk
-logFile
Logs/AssetImportWorker0.log
-srvPort
58851
Successfully changed project path to: E:/unity/hkwk
E:/unity/hkwk
Using Asset Import Pipeline V2.
Refreshing native plugins compatible for Editor in 29.86 ms, found 2 plugins.
Preloading 0 native plugins for Editor in 0.00 ms.
Initialize engine version: 2020.3.11f1 (99c7afb366b3)
[Subsystems] Discovering subsystems at path C:/Program Files/Unity/Hub/Editor/2020.3.11f1/Editor/Data/Resources/UnitySubsystems
[Subsystems] Discovering subsystems at path E:/unity/hkwk/Assets
GfxDevice: creating device client; threaded=0
Direct3D:
    Version:  Direct3D 11.0 [level 11.1]
    Renderer: NVIDIA GeForce GTX 1060 6GB (ID=0x1c03)
    Vendor:   
    VRAM:     6052 MB
    Driver:   27.21.14.6647
Initialize mono
Mono path[0] = 'C:/Program Files/Unity/Hub/Editor/2020.3.11f1/Editor/Data/Managed'
Mono path[1] = 'C:/Program Files/Unity/Hub/Editor/2020.3.11f1/Editor/Data/MonoBleedingEdge/lib/mono/unityjit'
Mono config path = 'C:/Program Files/Unity/Hub/Editor/2020.3.11f1/Editor/Data/MonoBleedingEdge/etc'
Using monoOptions --debugger-agent=transport=dt_socket,embedding=1,server=y,suspend=n,address=127.0.0.1:56796
Begin MonoManager ReloadAssembly
Registering precompiled unity dll's ...
Register platform support module: C:/Program Files/Unity/Hub/Editor/2020.3.11f1/Editor/Data/PlaybackEngines/WindowsStandaloneSupport/UnityEditor.WindowsStandalone.Extensions.dll
Registered in 0.001796 seconds.
Native extension for WindowsStandalone target not found
Refreshing native plugins compatible for Editor in 30.32 ms, found 2 plugins.
Preloading 0 native plugins for Editor in 0.00 ms.
Mono: successfully reloaded assembly
- Completed reload, in  1.863 seconds
Platform modules already initialized, skipping
Registering precompiled user dll's ...
Registered in 0.003045 seconds.
Begin MonoManager ReloadAssembly
Native extension for WindowsStandalone target not found
Refreshing native plugins compatible for Editor in 0.33 ms, found 2 plugins.
Preloading 0 native plugins for Editor in 0.00 ms.
Mono: successfully reloaded assembly
- Completed reload, in  1.070 seconds
Platform modules already initialized, skipping
========================================================================
Worker process is ready to serve import requests
Launched and connected shader compiler UnityShaderCompiler.exe after 0.05 seconds
Refreshing native plugins compatible for Editor in 0.31 ms, found 2 plugins.
Preloading 0 native plugins for Editor in 0.00 ms.
Unloading 1395 Unused Serialized files (Serialized files now loaded: 0)
System memory in use before: 65.2 MB.
System memory in use after: 65.2 MB.

Unloading 19 unused Assets to reduce memory usage. Loaded Objects now: 1829.
Total: 2.052100 ms (FindLiveObjects: 0.164100 ms CreateObjectMapping: 0.032100 ms MarkObjects: 1.774200 ms  DeleteObjects: 0.080300 ms)

========================================================================
Received Import Request.
  path: Assets/Prefabs/Item.prefab
  artifactKey: Guid(acbc4fc91b0f830408c94f196a4ad025) Importer(815301076,1909f56bfc062723c751e8b465ee728b)
Start importing Assets/Prefabs/Item.prefab using Guid(acbc4fc91b0f830408c94f196a4ad025) Importer(815301076,1909f56bfc062723c751e8b465ee728b)  -> (artifact id: '68a7c50fc40e1394e67b4f6a079ba4ac') in 0.108255 seconds
  Import took 0.110727 seconds .

========================================================================
Received Import Request.
  Time since last request: 11.304951 seconds.
  path: Assets/Prefabs/Item 1.prefab
  artifactKey: Guid(c61b475e3a8eb4146bb643729c7af283) Importer(815301076,1909f56bfc062723c751e8b465ee728b)
Start importing Assets/Prefabs/Item 1.prefab using Guid(c61b475e3a8eb4146bb643729c7af283) Importer(815301076,1909f56bfc062723c751e8b465ee728b)  -> (artifact id: '04f55d0d15064a156116d20d5dfbc008') in 0.015815 seconds
  Import took 0.018216 seconds .

========================================================================
Received Prepare
Registering precompiled user dll's ...
Registered in 0.002712 seconds.
Begin MonoManager ReloadAssembly
Native extension for WindowsStandalone target not found
Refreshing native plugins compatible for Editor in 0.31 ms, found 2 plugins.
Preloading 0 native plugins for Editor in 0.00 ms.
Mono: successfully reloaded assembly
- Completed reload, in  0.911 seconds
Platform modules already initialized, skipping
Refreshing native plugins compatible for Editor in 0.31 ms, found 2 plugins.
Preloading 0 native plugins for Editor in 0.00 ms.
Unloading 1390 Unused Serialized files (Serialized files now loaded: 0)
System memory in use before: 68.3 MB.
System memory in use after: 68.4 MB.

Unloading 16 unused Assets to reduce memory usage. Loaded Objects now: 1840.
Total: 1.760000 ms (FindLiveObjects: 0.129500 ms CreateObjectMapping: 0.030900 ms MarkObjects: 1.539400 ms  DeleteObjects: 0.059300 ms)

========================================================================
Received Import Request.
  Time since last request: 91.874228 seconds.
  path: Assets/Prefabs/Item.prefab
  artifactKey: Guid(acbc4fc91b0f830408c94f196a4ad025) Importer(815301076,1909f56bfc062723c751e8b465ee728b)
Start importing Assets/Prefabs/Item.prefab using Guid(acbc4fc91b0f830408c94f196a4ad025) Importer(815301076,1909f56bfc062723c751e8b465ee728b)  -> (artifact id: 'e50ef4124072c2121a5e029dd5c1e6d3') in 0.061143 seconds
  Import took 0.063558 seconds .

========================================================================
Received Import Request.
  Time since last request: 47.273976 seconds.
  path: Assets/Materials/Czerwony.mat
  artifactKey: Guid(d3b6129256379ec41a39d3cb78813e21) Importer(815301076,1909f56bfc062723c751e8b465ee728b)
Start importing Assets/Materials/Czerwony.mat using Guid(d3b6129256379ec41a39d3cb78813e21) Importer(815301076,1909f56bfc062723c751e8b465ee728b)  -> (artifact id: 'c6c3b33fe8064cd472a976912c4b817c') in 0.027761 seconds
  Import took 0.030010 seconds .

========================================================================
Received Import Request.
  Time since last request: 172.214209 seconds.
  path: Assets/Scripts/ItemBehavior.cs
  artifactKey: Guid(36e7e7fd11786f44794b577486e8ac71) Importer(815301076,1909f56bfc062723c751e8b465ee728b)
Start importing Assets/Scripts/ItemBehavior.cs using Guid(36e7e7fd11786f44794b577486e8ac71) Importer(815301076,1909f56bfc062723c751e8b465ee728b)  -> (artifact id: '06ae53c6f9292d4a2c2727131b16c1fc') in 0.010283 seconds
  Import took 0.012501 seconds .

========================================================================
Received Import Request.
  Time since last request: 0.000220 seconds.
  path: Assets/Scripts/ItemBehavior.cs
  artifactKey: Guid(36e7e7fd11786f44794b577486e8ac71) Importer(815301076,1909f56bfc062723c751e8b465ee728b)
Start importing Assets/Scripts/ItemBehavior.cs using Guid(36e7e7fd11786f44794b577486e8ac71) Importer(815301076,1909f56bfc062723c751e8b465ee728b)  -> (artifact id: '06ae53c6f9292d4a2c2727131b16c1fc') in 0.001767 seconds
  Import took 0.003672 seconds .

========================================================================
Received Prepare
Registering precompiled user dll's ...
Registered in 0.003045 seconds.
Begin MonoManager ReloadAssembly
Native extension for WindowsStandalone target not found
Refreshing native plugins compatible for Editor in 0.31 ms, found 2 plugins.
Preloading 0 native plugins for Editor in 0.00 ms.
Mono: successfully reloaded assembly
- Completed reload, in  0.944 seconds
Platform modules already initialized, skipping
Refreshing native plugins compatible for Editor in 0.31 ms, found 2 plugins.
Preloading 0 native plugins for Editor in 0.00 ms.
Unloading 1391 Unused Serialized files (Serialized files now loaded: 0)
System memory in use before: 68.6 MB.
System memory in use after: 68.7 MB.

Unloading 16 unused Assets to reduce memory usage. Loaded Objects now: 1878.
Total: 1.778500 ms (FindLiveObjects: 0.134700 ms CreateObjectMapping: 0.031700 ms MarkObjects: 1.543300 ms  DeleteObjects: 0.067700 ms)

========================================================================
Received Import Request.
  Time since last request: 11.572967 seconds.
  path: Assets/Scripts/JumpPickup.cs
  artifactKey: Guid(f776f92723c3e254390eee08050bd69e) Importer(815301076,1909f56bfc062723c751e8b465ee728b)
Start importing Assets/Scripts/JumpPickup.cs using Guid(f776f92723c3e254390eee08050bd69e) Importer(815301076,1909f56bfc062723c751e8b465ee728b)  -> (artifact id: '6074275644d72b867e74c406c6befa7c') in 0.007200 seconds
  Import took 0.009625 seconds .

========================================================================
Received Prepare
Registering precompiled user dll's ...
Registered in 0.002591 seconds.
Begin MonoManager ReloadAssembly
Native extension for WindowsStandalone target not found
Refreshing native plugins compatible for Editor in 0.31 ms, found 2 plugins.
Preloading 0 native plugins for Editor in 0.00 ms.
Mono: successfully reloaded assembly
- Completed reload, in  0.926 seconds
Platform modules already initialized, skipping
Refreshing native plugins compatible for Editor in 0.30 ms, found 2 plugins.
Preloading 0 native plugins for Editor in 0.00 ms.
Unloading 1391 Unused Serialized files (Serialized files now loaded: 0)
System memory in use before: 68.6 MB.
System memory in use after: 68.7 MB.

Unloading 14 unused Assets to reduce memory usage. Loaded Objects now: 1881.
Total: 1.714200 ms (FindLiveObjects: 0.154200 ms CreateObjectMapping: 0.032900 ms MarkObjects: 1.479200 ms  DeleteObjects: 0.046300 ms)

========================================================================
Received Import Request.
  Time since last request: 60.592886 seconds.
  path: Assets/Scripts/JumpPickup.cs
  artifactKey: Guid(f776f92723c3e254390eee08050bd69e) Importer(815301076,1909f56bfc062723c751e8b465ee728b)
Start importing Assets/Scripts/JumpPickup.cs using Guid(f776f92723c3e254390eee08050bd69e) Importer(815301076,1909f56bfc062723c751e8b465ee728b)  -> (artifact id: 'f7938c05c98c69dbdfdfc5110cd3d237') in 0.004443 seconds
  Import took 0.006722 seconds .

========================================================================
Received Import Request.
  Time since last request: 0.000403 seconds.
  path: Assets/Scripts/JumpPickup.cs
  artifactKey: Guid(f776f92723c3e254390eee08050bd69e) Importer(815301076,1909f56bfc062723c751e8b465ee728b)
Start importing Assets/Scripts/JumpPickup.cs using Guid(f776f92723c3e254390eee08050bd69e) Importer(815301076,1909f56bfc062723c751e8b465ee728b)  -> (artifact id: 'f7938c05c98c69dbdfdfc5110cd3d237') in 0.001538 seconds
  Import took 0.003794 seconds .

========================================================================
Received Prepare
Registering precompiled user dll's ...
Registered in 0.002953 seconds.
Begin MonoManager ReloadAssembly
Native extension for WindowsStandalone target not found
Refreshing native plugins compatible for Editor in 0.31 ms, found 2 plugins.
Preloading 0 native plugins for Editor in 0.00 ms.
Mono: successfully reloaded assembly
- Completed reload, in  0.919 seconds
Platform modules already initialized, skipping
Refreshing native plugins compatible for Editor in 0.30 ms, found 2 plugins.
Preloading 0 native plugins for Editor in 0.00 ms.
Unloading 1391 Unused Serialized files (Serialized files now loaded: 0)
System memory in use before: 68.6 MB.
System memory in use after: 68.7 MB.

Unloading 14 unused Assets to reduce memory usage. Loaded Objects now: 1884.
Total: 1.801200 ms (FindLiveObjects: 0.131700 ms CreateObjectMapping: 0.032600 ms MarkObjects: 1.588300 ms  DeleteObjects: 0.047100 ms)

========================================================================
Received Import Request.
  Time since last request: 14.623337 seconds.
  path: Assets/Scripts/JumpPickup.cs
  artifactKey: Guid(f776f92723c3e254390eee08050bd69e) Importer(815301076,1909f56bfc062723c751e8b465ee728b)
Start importing Assets/Scripts/JumpPickup.cs using Guid(f776f92723c3e254390eee08050bd69e) Importer(815301076,1909f56bfc062723c751e8b465ee728b)  -> (artifact id: '3e5b39a8d1f41a34fcce3fb3507331cc') in 0.003816 seconds
  Import took 0.005909 seconds .

========================================================================
Received Prepare
Registering precompiled user dll's ...
Registered in 0.002615 seconds.
Begin MonoManager ReloadAssembly
Native extension for WindowsStandalone target not found
Refreshing native plugins compatible for Editor in 0.30 ms, found 2 plugins.
Preloading 0 native plugins for Editor in 0.00 ms.
Mono: successfully reloaded assembly
- Completed reload, in  0.896 seconds
Platform modules already initialized, skipping
Refreshing native plugins compatible for Editor in 0.31 ms, found 2 plugins.
Preloading 0 native plugins for Editor in 0.00 ms.
Unloading 1391 Unused Serialized files (Serialized files now loaded: 0)
System memory in use before: 68.6 MB.
System memory in use after: 68.7 MB.

Unloading 14 unused Assets to reduce memory usage. Loaded Objects now: 1887.
Total: 1.762700 ms (FindLiveObjects: 0.153800 ms CreateObjectMapping: 0.031600 ms MarkObjects: 1.523900 ms  DeleteObjects: 0.052000 ms)

========================================================================
Received Import Request.
  Time since last request: 492.343991 seconds.
  path: Assets/Scripts/BaseVehicle.cs
  artifactKey: Guid(1b235a3d1b24d1c4e8c794c689bb1f1f) Importer(815301076,1909f56bfc062723c751e8b465ee728b)
Start importing Assets/Scripts/BaseVehicle.cs using Guid(1b235a3d1b24d1c4e8c794c689bb1f1f) Importer(815301076,1909f56bfc062723c751e8b465ee728b)  -> (artifact id: 'd2469f508e911416c90097eec3d490f5') in 0.008691 seconds
  Import took 0.011034 seconds .

========================================================================
Received Prepare
Registering precompiled user dll's ...
Registered in 0.002583 seconds.
Begin MonoManager ReloadAssembly
Native extension for WindowsStandalone target not found
Refreshing native plugins compatible for Editor in 0.33 ms, found 2 plugins.
Preloading 0 native plugins for Editor in 0.00 ms.
Mono: successfully reloaded assembly
- Completed reload, in  0.904 seconds
Platform modules already initialized, skipping
Refreshing native plugins compatible for Editor in 0.37 ms, found 2 plugins.
Preloading 0 native plugins for Editor in 0.00 ms.
Unloading 1392 Unused Serialized files (Serialized files now loaded: 0)
System memory in use before: 68.6 MB.
System memory in use after: 68.7 MB.

Unloading 14 unused Assets to reduce memory usage. Loaded Objects now: 1891.
Total: 1.953000 ms (FindLiveObjects: 0.160300 ms CreateObjectMapping: 0.032700 ms MarkObjects: 1.697700 ms  DeleteObjects: 0.060400 ms)

========================================================================
Received Import Request.
  Time since last request: 109.849863 seconds.
  path: Assets/Scripts/BaseVehicle.cs
  artifactKey: Guid(1b235a3d1b24d1c4e8c794c689bb1f1f) Importer(815301076,1909f56bfc062723c751e8b465ee728b)
Start importing Assets/Scripts/BaseVehicle.cs using Guid(1b235a3d1b24d1c4e8c794c689bb1f1f) Importer(815301076,1909f56bfc062723c751e8b465ee728b)  -> (artifact id: '1b50d24ffc08dc119b5c47482362474c') in 0.004238 seconds
  Import took 0.006489 seconds .

========================================================================
Received Import Request.
  Time since last request: 28.029222 seconds.
  path: Assets/Scripts/BaseVehicle.cs
  artifactKey: Guid(1b235a3d1b24d1c4e8c794c689bb1f1f) Importer(815301076,1909f56bfc062723c751e8b465ee728b)
Start importing Assets/Scripts/BaseVehicle.cs using Guid(1b235a3d1b24d1c4e8c794c689bb1f1f) Importer(815301076,1909f56bfc062723c751e8b465ee728b)  -> (artifact id: '9f714f3038be7ae186aea48cbb7ba32b') in 0.001533 seconds
  Import took 0.003716 seconds .

========================================================================
Received Import Request.
  Time since last request: 18.409591 seconds.
  path: Assets/Scripts/BaseWheelAlignment.cs
  artifactKey: Guid(7c6aecdcbe5c61743bd34c476ca02a2d) Importer(815301076,1909f56bfc062723c751e8b465ee728b)
Start importing Assets/Scripts/BaseWheelAlignment.cs using Guid(7c6aecdcbe5c61743bd34c476ca02a2d) Importer(815301076,1909f56bfc062723c751e8b465ee728b)  -> (artifact id: 'e730b5599ab476550455554d1d42d901') in 0.007763 seconds
  Import took 0.010392 seconds .

========================================================================
Received Import Request.
  Time since last request: 71.456006 seconds.
  path: Assets/Scripts/ExtendedCustomMonoBehavior.cs
  artifactKey: Guid(514cae384ae93f0439f4d5ab2370423f) Importer(815301076,1909f56bfc062723c751e8b465ee728b)
Start importing Assets/Scripts/ExtendedCustomMonoBehavior.cs using Guid(514cae384ae93f0439f4d5ab2370423f) Importer(815301076,1909f56bfc062723c751e8b465ee728b)  -> (artifact id: 'aefaf621adfb5dc7611823248c8c49ee') in 0.007521 seconds
  Import took 0.009926 seconds .

========================================================================
Received Import Request.
  Time since last request: 8.353427 seconds.
  path: Assets/Scripts/ExtendedCustomMonoBehavior.cs
  artifactKey: Guid(514cae384ae93f0439f4d5ab2370423f) Importer(815301076,1909f56bfc062723c751e8b465ee728b)
Start importing Assets/Scripts/ExtendedCustomMonoBehavior.cs using Guid(514cae384ae93f0439f4d5ab2370423f) Importer(815301076,1909f56bfc062723c751e8b465ee728b)  -> (artifact id: 'a466c8d81a38f542de59eb93f7170963') in 0.001811 seconds
  Import took 0.004601 seconds .

========================================================================
Received Import Request.
  Time since last request: 7.701956 seconds.
  path: Assets/Scripts/BaseWheelAlignment.cs
  artifactKey: Guid(7c6aecdcbe5c61743bd34c476ca02a2d) Importer(815301076,1909f56bfc062723c751e8b465ee728b)
Start importing Assets/Scripts/BaseWheelAlignment.cs using Guid(7c6aecdcbe5c61743bd34c476ca02a2d) Importer(815301076,1909f56bfc062723c751e8b465ee728b)  -> (artifact id: '71c77945c81748a30309f6c85d9381be') in 0.001496 seconds
  Import took 0.003776 seconds .

========================================================================
Received Import Request.
  Time since last request: 0.001832 seconds.
  path: Assets/Scripts/BaseWheelAlignment.cs
  artifactKey: Guid(7c6aecdcbe5c61743bd34c476ca02a2d) Importer(815301076,1909f56bfc062723c751e8b465ee728b)
Start importing Assets/Scripts/BaseWheelAlignment.cs using Guid(7c6aecdcbe5c61743bd34c476ca02a2d) Importer(815301076,1909f56bfc062723c751e8b465ee728b)  -> (artifact id: '71c77945c81748a30309f6c85d9381be') in 0.001940 seconds
  Import took 0.004211 seconds .

========================================================================
Received Import Request.
  Time since last request: 29.225209 seconds.
  path: Assets/Scripts/BaseWheelAlignment.cs
  artifactKey: Guid(7c6aecdcbe5c61743bd34c476ca02a2d) Importer(815301076,1909f56bfc062723c751e8b465ee728b)
Start importing Assets/Scripts/BaseWheelAlignment.cs using Guid(7c6aecdcbe5c61743bd34c476ca02a2d) Importer(815301076,1909f56bfc062723c751e8b465ee728b)  -> (artifact id: '369ff4eadc39d137caed7e0e988a0294') in 0.001718 seconds
  Import took 0.004391 seconds .

========================================================================
Received Import Request.
  Time since last request: 25.906252 seconds.
  path: Assets/Scripts/PlayerBehavior.cs
  artifactKey: Guid(26085402ca80034428be8eed8ced769b) Importer(815301076,1909f56bfc062723c751e8b465ee728b)
Start importing Assets/Scripts/PlayerBehavior.cs using Guid(26085402ca80034428be8eed8ced769b) Importer(815301076,1909f56bfc062723c751e8b465ee728b)  -> (artifact id: 'fa8e4ca9f09f72a03c18a2c17c5982e6') in 0.007337 seconds
  Import took 0.009533 seconds .

========================================================================
Received Import Request.
  Time since last request: 235.354708 seconds.
  path: Assets/Scripts/BehaviorRb.cs
  artifactKey: Guid(95ce3c9e62a5b2343bb575edb8b78b89) Importer(815301076,1909f56bfc062723c751e8b465ee728b)
Start importing Assets/Scripts/BehaviorRb.cs using Guid(95ce3c9e62a5b2343bb575edb8b78b89) Importer(815301076,1909f56bfc062723c751e8b465ee728b)  -> (artifact id: '60e504b0b7a2d82385604ca1c0447139') in 0.003419 seconds
  Import took 0.005908 seconds .

========================================================================
Received Import Request.
  Time since last request: 0.001009 seconds.
  path: Assets/Scripts/BehaviorRb.cs
  artifactKey: Guid(95ce3c9e62a5b2343bb575edb8b78b89) Importer(815301076,1909f56bfc062723c751e8b465ee728b)
Start importing Assets/Scripts/BehaviorRb.cs using Guid(95ce3c9e62a5b2343bb575edb8b78b89) Importer(815301076,1909f56bfc062723c751e8b465ee728b)  -> (artifact id: '60e504b0b7a2d82385604ca1c0447139') in 0.001516 seconds
  Import took 0.003828 seconds .

========================================================================
Received Prepare
Registering precompiled user dll's ...
Registered in 0.002592 seconds.
Begin MonoManager ReloadAssembly
Native extension for WindowsStandalone target not found
Refreshing native plugins compatible for Editor in 0.31 ms, found 2 plugins.
Preloading 0 native plugins for Editor in 0.00 ms.
Mono: successfully reloaded assembly
- Completed reload, in  0.914 seconds
Platform modules already initialized, skipping
Refreshing native plugins compatible for Editor in 0.31 ms, found 2 plugins.
Preloading 0 native plugins for Editor in 0.00 ms.
Unloading 1391 Unused Serialized files (Serialized files now loaded: 0)
System memory in use before: 68.6 MB.
System memory in use after: 68.7 MB.

Unloading 15 unused Assets to reduce memory usage. Loaded Objects now: 1893.
Total: 1.869800 ms (FindLiveObjects: 0.142900 ms CreateObjectMapping: 0.032800 ms MarkObjects: 1.639000 ms  DeleteObjects: 0.053800 ms)

========================================================================
Received Import Request.
  Time since last request: 245.629543 seconds.
  path: Assets/Materials/Czerwony.mat
  artifactKey: Guid(d3b6129256379ec41a39d3cb78813e21) Importer(815301076,1909f56bfc062723c751e8b465ee728b)
Start importing Assets/Materials/Czerwony.mat using Guid(d3b6129256379ec41a39d3cb78813e21) Importer(815301076,1909f56bfc062723c751e8b465ee728b)  -> (artifact id: 'd1f015b8c1366635c0f075e01e767836') in 0.068678 seconds
  Import took 0.071179 seconds .

========================================================================
Received Prepare
Registering precompiled user dll's ...
Registered in 0.002789 seconds.
Begin MonoManager ReloadAssembly
Native extension for WindowsStandalone target not found
Refreshing native plugins compatible for Editor in 0.30 ms, found 2 plugins.
Preloading 0 native plugins for Editor in 0.00 ms.
Mono: successfully reloaded assembly
- Completed reload, in  0.912 seconds
Platform modules already initialized, skipping
Refreshing native plugins compatible for Editor in 0.34 ms, found 2 plugins.
Preloading 0 native plugins for Editor in 0.00 ms.
Unloading 1391 Unused Serialized files (Serialized files now loaded: 0)
System memory in use before: 68.6 MB.
System memory in use after: 68.7 MB.

Unloading 14 unused Assets to reduce memory usage. Loaded Objects now: 1897.
Total: 1.887100 ms (FindLiveObjects: 0.153400 ms CreateObjectMapping: 0.031000 ms MarkObjects: 1.649800 ms  DeleteObjects: 0.051500 ms)

========================================================================
Received Import Request.
  Time since last request: 52.688598 seconds.
  path: Assets/Materials/Ground.physicMaterial
  artifactKey: Guid(8a7ea9a30804811409e13e6c12911c36) Importer(815301076,1909f56bfc062723c751e8b465ee728b)
Start importing Assets/Materials/Ground.physicMaterial using Guid(8a7ea9a30804811409e13e6c12911c36) Importer(815301076,1909f56bfc062723c751e8b465ee728b)  -> (artifact id: '2419c9d98497dabb9dac6d555f809f6f') in 0.015989 seconds
  Import took 0.018217 seconds .

========================================================================
Received Prepare
Registering precompiled user dll's ...
Registered in 0.002580 seconds.
Begin MonoManager ReloadAssembly
Native extension for WindowsStandalone target not found
Refreshing native plugins compatible for Editor in 0.31 ms, found 2 plugins.
Preloading 0 native plugins for Editor in 0.00 ms.
Mono: successfully reloaded assembly
- Completed reload, in  0.908 seconds
Platform modules already initialized, skipping
Refreshing native plugins compatible for Editor in 0.33 ms, found 2 plugins.
Preloading 0 native plugins for Editor in 0.00 ms.
Unloading 1391 Unused Serialized files (Serialized files now loaded: 0)
System memory in use before: 68.6 MB.
System memory in use after: 68.7 MB.

Unloading 14 unused Assets to reduce memory usage. Loaded Objects now: 1900.
Total: 1.808900 ms (FindLiveObjects: 0.153000 ms CreateObjectMapping: 0.033400 ms MarkObjects: 1.570400 ms  DeleteObjects: 0.050600 ms)

========================================================================
Received Prepare
Registering precompiled user dll's ...
Registered in 0.002667 seconds.
Begin MonoManager ReloadAssembly
Native extension for WindowsStandalone target not found
Refreshing native plugins compatible for Editor in 0.31 ms, found 2 plugins.
Preloading 0 native plugins for Editor in 0.00 ms.
Mono: successfully reloaded assembly
- Completed reload, in  0.913 seconds
Platform modules already initialized, skipping
Refreshing native plugins compatible for Editor in 0.30 ms, found 2 plugins.
Preloading 0 native plugins for Editor in 0.00 ms.
Unloading 1391 Unused Serialized files (Serialized files now loaded: 0)
System memory in use before: 68.6 MB.
System memory in use after: 68.7 MB.

Unloading 14 unused Assets to reduce memory usage. Loaded Objects now: 1903.
Total: 1.727900 ms (FindLiveObjects: 0.142900 ms CreateObjectMapping: 0.031800 ms MarkObjects: 1.505600 ms  DeleteObjects: 0.046600 ms)

========================================================================
Received Prepare
Registering precompiled user dll's ...
Registered in 0.002587 seconds.
Begin MonoManager ReloadAssembly
Native extension for WindowsStandalone target not found
Refreshing native plugins compatible for Editor in 0.31 ms, found 2 plugins.
Preloading 0 native plugins for Editor in 0.00 ms.
Mono: successfully reloaded assembly
- Completed reload, in  0.901 seconds
Platform modules already initialized, skipping
Refreshing native plugins compatible for Editor in 0.31 ms, found 2 plugins.
Preloading 0 native plugins for Editor in 0.00 ms.
Unloading 1391 Unused Serialized files (Serialized files now loaded: 0)
System memory in use before: 68.6 MB.
System memory in use after: 68.7 MB.

Unloading 14 unused Assets to reduce memory usage. Loaded Objects now: 1906.
Total: 1.758200 ms (FindLiveObjects: 0.145900 ms CreateObjectMapping: 0.032800 ms MarkObjects: 1.529800 ms  DeleteObjects: 0.048700 ms)

========================================================================
Received Prepare
Registering precompiled user dll's ...
Registered in 0.002679 seconds.
Begin MonoManager ReloadAssembly
Native extension for WindowsStandalone target not found
Refreshing native plugins compatible for Editor in 0.31 ms, found 2 plugins.
Preloading 0 native plugins for Editor in 0.00 ms.
Mono: successfully reloaded assembly
- Completed reload, in  0.907 seconds
Platform modules already initialized, skipping
Refreshing native plugins compatible for Editor in 0.31 ms, found 2 plugins.
Preloading 0 native plugins for Editor in 0.00 ms.
Unloading 1391 Unused Serialized files (Serialized files now loaded: 0)
System memory in use before: 68.7 MB.
System memory in use after: 68.7 MB.

Unloading 14 unused Assets to reduce memory usage. Loaded Objects now: 1909.
Total: 1.900700 ms (FindLiveObjects: 0.143400 ms CreateObjectMapping: 0.033300 ms MarkObjects: 1.658800 ms  DeleteObjects: 0.064100 ms)

========================================================================
Received Prepare
Registering precompiled user dll's ...
Registered in 0.002642 seconds.
Begin MonoManager ReloadAssembly
Native extension for WindowsStandalone target not found
Refreshing native plugins compatible for Editor in 0.31 ms, found 2 plugins.
Preloading 0 native plugins for Editor in 0.00 ms.
Mono: successfully reloaded assembly
- Completed reload, in  0.929 seconds
Platform modules already initialized, skipping
Refreshing native plugins compatible for Editor in 0.32 ms, found 2 plugins.
Preloading 0 native plugins for Editor in 0.00 ms.
Unloading 1391 Unused Serialized files (Serialized files now loaded: 0)
System memory in use before: 68.7 MB.
System memory in use after: 68.7 MB.

Unloading 14 unused Assets to reduce memory usage. Loaded Objects now: 1912.
Total: 1.783600 ms (FindLiveObjects: 0.140700 ms CreateObjectMapping: 0.032500 ms MarkObjects: 1.553600 ms  DeleteObjects: 0.056000 ms)

========================================================================
Received Prepare
Registering precompiled user dll's ...
Registered in 0.002604 seconds.
Begin MonoManager ReloadAssembly
Native extension for WindowsStandalone target not found
Refreshing native plugins compatible for Editor in 0.31 ms, found 2 plugins.
Preloading 0 native plugins for Editor in 0.00 ms.
Mono: successfully reloaded assembly
- Completed reload, in  0.893 seconds
Platform modules already initialized, skipping
Refreshing native plugins compatible for Editor in 0.32 ms, found 2 plugins.
Preloading 0 native plugins for Editor in 0.00 ms.
Unloading 1391 Unused Serialized files (Serialized files now loaded: 0)
System memory in use before: 68.7 MB.
System memory in use after: 68.7 MB.

Unloading 14 unused Assets to reduce memory usage. Loaded Objects now: 1915.
Total: 1.924500 ms (FindLiveObjects: 0.155700 ms CreateObjectMapping: 0.030900 ms MarkObjects: 1.685200 ms  DeleteObjects: 0.051300 ms)

========================================================================
Received Prepare
Registering precompiled user dll's ...
Registered in 0.002618 seconds.
Begin MonoManager ReloadAssembly
Native extension for WindowsStandalone target not found
Refreshing native plugins compatible for Editor in 0.33 ms, found 2 plugins.
Preloading 0 native plugins for Editor in 0.00 ms.
Mono: successfully reloaded assembly
- Completed reload, in  0.916 seconds
Platform modules already initialized, skipping
Refreshing native plugins compatible for Editor in 0.32 ms, found 2 plugins.
Preloading 0 native plugins for Editor in 0.00 ms.
Unloading 1391 Unused Serialized files (Serialized files now loaded: 0)
System memory in use before: 68.7 MB.
System memory in use after: 68.8 MB.

Unloading 14 unused Assets to reduce memory usage. Loaded Objects now: 1918.
Total: 1.983900 ms (FindLiveObjects: 0.154100 ms CreateObjectMapping: 0.031700 ms MarkObjects: 1.746200 ms  DeleteObjects: 0.050300 ms)

AssetImportWorkerClient::OnTransportError - code=2 error=End of file
